<?xml version="1.0" encoding="UTF-8"?>
<!-- Generated by org.testng.reporters.JUnitReportReporter -->
<testsuite hostname="DESKTOP-EF44SBG" failures="0" tests="2" name="test.QuickViewPopupTest" time="14.541" errors="0" timestamp="2024-12-12T20:31:52 IST" skipped="0">
  <testcase classname="test.QuickViewPopupTest" name="verifyIfProdutDetailsAreCorrectIfViewInQuickView" time="7.001"/>
  <system-out/>
  <testcase classname="test.QuickViewPopupTest" name="verifyByAddingProductToCartUsingQuickView" time="7.540"/>
  <system-out/>
</testsuite> <!-- test.QuickViewPopupTest -->
