<?xml version="1.0" encoding="UTF-8"?>
<!-- Generated by org.testng.reporters.JUnitReportReporter -->
<testsuite hostname="DESKTOP-EF44SBG" failures="0" tests="3" name="test.HomePageTest" time="20.134" errors="0" timestamp="2024-12-12T20:12:52 IST" skipped="0">
  <testcase classname="test.HomePageTest" name="searchAValidProduct" time="6.758"/>
  <system-out/>
  <testcase classname="test.HomePageTest" name="searchInvalidProduct" time="6.214"/>
  <system-out/>
  <testcase classname="test.HomePageTest" name="verifyShoppingCategoriesDropdownList" time="7.162"/>
  <system-out/>
</testsuite> <!-- test.HomePageTest -->
