<?xml version="1.0" encoding="UTF-8"?>
<!-- Generated by org.testng.reporters.JUnitReportReporter -->
<testsuite hostname="DESKTOP-EF44SBG" failures="0" tests="4" name="test.CartPageTest" time="118.154" errors="0" timestamp="2024-12-12T21:40:35 IST" skipped="0">
  <testcase classname="test.CartPageTest" name="verifyByAddingMultipleProductsToCart" time="27.576"/>
  <system-out/>
  <testcase classname="test.CartPageTest" name="verifyOnChangingProductQuantityCorrectAmountIsDisplyed" time="22.243"/>
  <system-out/>
  <testcase classname="test.CartPageTest" name="verifyByRemovingProductFromCart" time="39.598"/>
  <system-out/>
  <testcase classname="test.CartPageTest" name="verifyTotalAmountForMultipleProductsInCart" time="28.737"/>
  <system-out/>
</testsuite> <!-- test.CartPageTest -->
