<?xml version="1.0" encoding="UTF-8"?>
<!-- Generated by org.testng.reporters.JUnitReportReporter -->
<testsuite hostname="DESKTOP-EF44SBG" failures="0" tests="3" name="test.HomePageTest" time="16.001" errors="0" timestamp="2024-12-15T20:40:36 IST" skipped="0">
  <testcase classname="test.HomePageTest" name="searchAValidProduct" time="7.060"/>
  <system-out/>
  <testcase classname="test.HomePageTest" name="searchInvalidProduct" time="4.969"/>
  <system-out/>
  <testcase classname="test.HomePageTest" name="verifyShoppingCategoriesDropdownList" time="3.972"/>
  <system-out/>
</testsuite> <!-- test.HomePageTest -->
