<?xml version="1.0" encoding="UTF-8"?>
<!-- Generated by org.testng.reporters.JUnitReportReporter -->
<testsuite hostname="DESKTOP-EF44SBG" failures="0" tests="2" name="test.ProductDetailsPageTest" time="16.426" errors="0" timestamp="2024-12-15T20:50:40 IST" skipped="0">
  <testcase classname="test.ProductDetailsPageTest" name="verifyProductDetailsAreCorrectIfViewInNewTab" time="7.796"/>
  <system-out/>
  <testcase classname="test.ProductDetailsPageTest" name="verifyByAddingProductToCartUsingProductDetailPage" time="8.630"/>
  <system-out/>
</testsuite> <!-- test.ProductDetailsPageTest -->
