<?xml version="1.0" encoding="UTF-8"?>
<!-- Generated by org.testng.reporters.JUnitReportReporter -->
<testsuite hostname="DESKTOP-EF44SBG" failures="0" tests="1" name="test.SortFilterTest" time="25.366" errors="0" timestamp="2024-12-12T20:46:19 IST" skipped="0">
  <testcase classname="test.SortFilterTest" name="verifySortFeature" time="25.366"/>
  <system-out/>
</testsuite> <!-- test.SortFilterTest -->
