<?xml version="1.0" encoding="UTF-8"?>
<!-- Generated by org.testng.reporters.JUnitReportReporter -->
<testsuite hostname="DESKTOP-EF44SBG" failures="0" tests="4" name="test.CartPageTest" time="99.441" errors="0" timestamp="2024-12-15T20:38:26 IST" skipped="0">
  <testcase classname="test.CartPageTest" name="verifyByAddingMultipleProductsToCart" time="27.664"/>
  <system-out/>
  <testcase classname="test.CartPageTest" name="verifyOnChangingProductQuantityCorrectAmountIsDisplyed" time="13.284"/>
  <system-out/>
  <testcase classname="test.CartPageTest" name="verifyByRemovingProductFromCart" time="29.808"/>
  <system-out/>
  <testcase classname="test.CartPageTest" name="verifyTotalAmountForMultipleProductsInCart" time="28.685"/>
  <system-out/>
</testsuite> <!-- test.CartPageTest -->
