<?xml version="1.0" encoding="UTF-8"?>
<!-- Generated by org.testng.reporters.JUnitReportReporter -->
<testsuite hostname="DESKTOP-EF44SBG" failures="0" tests="2" name="test.ProductDetailsPageTest" time="16.527" errors="0" timestamp="2024-12-12T20:45:10 IST" skipped="0">
  <testcase classname="test.ProductDetailsPageTest" name="verifyProductDetailsAreCorrectIfViewInNewTab" time="8.070"/>
  <system-out/>
  <testcase classname="test.ProductDetailsPageTest" name="verifyByAddingProductToCartUsingProductDetailPage" time="8.457"/>
  <system-out/>
</testsuite> <!-- test.ProductDetailsPageTest -->
