<?xml version="1.0" encoding="UTF-8"?>
<!-- Generated by org.testng.reporters.JUnitReportReporter -->
<testsuite hostname="DESKTOP-EF44SBG" failures="0" tests="2" name="test.QuickViewPopupTest" time="23.814" errors="0" timestamp="2024-12-15T20:55:09 IST" skipped="0">
  <testcase classname="test.QuickViewPopupTest" name="verifyIfProdutDetailsAreCorrectIfViewInQuickView" time="6.682"/>
  <system-out/>
  <testcase classname="test.QuickViewPopupTest" name="verifyByAddingProductToCartUsingQuickView" time="17.132"/>
  <system-out/>
</testsuite> <!-- test.QuickViewPopupTest -->
